<?xml version="1.0" encoding="UTF-8"?>
<!-- Generated by org.testng.reporters.JUnitReportReporter -->
<testsuite hostname="DESKTOP-M2GPQVA" failures="0" tests="1" name="org.example.GroupingExample" time="0.011" errors="0" timestamp="2023-04-04T10:54:58 IST" skipped="0">
  <testcase classname="org.example.GroupingExample" name="test1" time="0.011"/>
  <system-out/>
</testsuite> <!-- org.example.GroupingExample -->
